{"C:\\Users\\anyem\\OneDrive\\Escritorio\\idk\\inventario_app\\components\\CustomButton.jsx": {"path":"C:\\Users\\anyem\\OneDrive\\Escritorio\\idk\\inventario_app\\components\\CustomButton.jsx","statementMap":{"0":{"start":{"line":24,"column":21},"end":{"line":143,"column":1}},"1":{"start":{"line":37,"column":21},"end":{"line":37,"column":36}},"2":{"start":{"line":43,"column":22},"end":{"line":51,"column":3}},"3":{"start":{"line":44,"column":4},"end":{"line":44,"column":25}},"4":{"start":{"line":44,"column":18},"end":{"line":44,"column":25}},"5":{"start":{"line":46,"column":4},"end":{"line":50,"column":5}},"6":{"start":{"line":47,"column":6},"end":{"line":47,"column":16}},"7":{"start":{"line":48,"column":11},"end":{"line":50,"column":5}},"8":{"start":{"line":49,"column":6},"end":{"line":49,"column":33}},"9":{"start":{"line":57,"column":25},"end":{"line":75,"column":3}},"10":{"start":{"line":58,"column":22},"end":{"line":63,"column":5}},"11":{"start":{"line":65,"column":4},"end":{"line":74,"column":5}},"12":{"start":{"line":67,"column":8},"end":{"line":67,"column":52}},"13":{"start":{"line":69,"column":8},"end":{"line":69,"column":54}},"14":{"start":{"line":71,"column":8},"end":{"line":71,"column":52}},"15":{"start":{"line":73,"column":8},"end":{"line":73,"column":52}},"16":{"start":{"line":81,"column":23},"end":{"line":94,"column":3}},"17":{"start":{"line":82,"column":22},"end":{"line":82,"column":41}},"18":{"start":{"line":84,"column":4},"end":{"line":93,"column":5}},"19":{"start":{"line":86,"column":8},"end":{"line":86,"column":50}},"20":{"start":{"line":88,"column":8},"end":{"line":88,"column":52}},"21":{"start":{"line":90,"column":8},"end":{"line":90,"column":50}},"22":{"start":{"line":92,"column":8},"end":{"line":92,"column":50}},"23":{"start":{"line":100,"column":23},"end":{"line":110,"column":3}},"24":{"start":{"line":101,"column":4},"end":{"line":109,"column":5}},"25":{"start":{"line":103,"column":8},"end":{"line":103,"column":28}},"26":{"start":{"line":106,"column":8},"end":{"line":106,"column":27}},"27":{"start":{"line":108,"column":8},"end":{"line":108,"column":28}},"28":{"start":{"line":112,"column":2},"end":{"line":142,"column":4}},"29":{"start":{"line":145,"column":15},"end":{"line":198,"column":2}}},"fnMap":{"0":{"name":"(anonymous_0)","decl":{"start":{"line":24,"column":21},"end":{"line":24,"column":22}},"loc":{"start":{"line":36,"column":6},"end":{"line":143,"column":1}},"line":36},"1":{"name":"(anonymous_1)","decl":{"start":{"line":43,"column":22},"end":{"line":43,"column":23}},"loc":{"start":{"line":43,"column":28},"end":{"line":51,"column":3}},"line":43},"2":{"name":"(anonymous_2)","decl":{"start":{"line":57,"column":25},"end":{"line":57,"column":26}},"loc":{"start":{"line":57,"column":31},"end":{"line":75,"column":3}},"line":57},"3":{"name":"(anonymous_3)","decl":{"start":{"line":81,"column":23},"end":{"line":81,"column":24}},"loc":{"start":{"line":81,"column":29},"end":{"line":94,"column":3}},"line":81},"4":{"name":"(anonymous_4)","decl":{"start":{"line":100,"column":23},"end":{"line":100,"column":24}},"loc":{"start":{"line":100,"column":29},"end":{"line":110,"column":3}},"line":100}},"branchMap":{"0":{"loc":{"start":{"line":28,"column":2},"end":{"line":28,"column":21}},"type":"default-arg","locations":[{"start":{"line":28,"column":12},"end":{"line":28,"column":21}}],"line":28},"1":{"loc":{"start":{"line":30,"column":2},"end":{"line":30,"column":24}},"type":"default-arg","locations":[{"start":{"line":30,"column":17},"end":{"line":30,"column":24}}],"line":30},"2":{"loc":{"start":{"line":31,"column":2},"end":{"line":31,"column":18}},"type":"default-arg","locations":[{"start":{"line":31,"column":13},"end":{"line":31,"column":18}}],"line":31},"3":{"loc":{"start":{"line":32,"column":2},"end":{"line":32,"column":15}},"type":"default-arg","locations":[{"start":{"line":32,"column":10},"end":{"line":32,"column":15}}],"line":32},"4":{"loc":{"start":{"line":33,"column":2},"end":{"line":33,"column":19}},"type":"default-arg","locations":[{"start":{"line":33,"column":14},"end":{"line":33,"column":19}}],"line":33},"5":{"loc":{"start":{"line":44,"column":4},"end":{"line":44,"column":25}},"type":"if","locations":[{"start":{"line":44,"column":4},"end":{"line":44,"column":25}},{"start":{},"end":{}}],"line":44},"6":{"loc":{"start":{"line":46,"column":4},"end":{"line":50,"column":5}},"type":"if","locations":[{"start":{"line":46,"column":4},"end":{"line":50,"column":5}},{"start":{"line":48,"column":11},"end":{"line":50,"column":5}}],"line":46},"7":{"loc":{"start":{"line":48,"column":11},"end":{"line":50,"column":5}},"type":"if","locations":[{"start":{"line":48,"column":11},"end":{"line":50,"column":5}},{"start":{},"end":{}}],"line":48},"8":{"loc":{"start":{"line":61,"column":15},"end":{"line":61,"column":41}},"type":"cond-expr","locations":[{"start":{"line":61,"column":27},"end":{"line":61,"column":33}},{"start":{"line":61,"column":36},"end":{"line":61,"column":41}}],"line":61},"9":{"loc":{"start":{"line":65,"column":4},"end":{"line":74,"column":5}},"type":"switch","locations":[{"start":{"line":66,"column":6},"end":{"line":67,"column":52}},{"start":{"line":68,"column":6},"end":{"line":69,"column":54}},{"start":{"line":70,"column":6},"end":{"line":71,"column":52}},{"start":{"line":72,"column":6},"end":{"line":73,"column":52}}],"line":65},"10":{"loc":{"start":{"line":84,"column":4},"end":{"line":93,"column":5}},"type":"switch","locations":[{"start":{"line":85,"column":6},"end":{"line":86,"column":50}},{"start":{"line":87,"column":6},"end":{"line":88,"column":52}},{"start":{"line":89,"column":6},"end":{"line":90,"column":50}},{"start":{"line":91,"column":6},"end":{"line":92,"column":50}}],"line":84},"11":{"loc":{"start":{"line":101,"column":4},"end":{"line":109,"column":5}},"type":"switch","locations":[{"start":{"line":102,"column":6},"end":{"line":103,"column":28}},{"start":{"line":104,"column":6},"end":{"line":104,"column":23}},{"start":{"line":105,"column":6},"end":{"line":106,"column":27}},{"start":{"line":107,"column":6},"end":{"line":108,"column":28}}],"line":101},"12":{"loc":{"start":{"line":114,"column":35},"end":{"line":114,"column":62}},"type":"binary-expr","locations":[{"start":{"line":114,"column":35},"end":{"line":114,"column":43}},{"start":{"line":114,"column":47},"end":{"line":114,"column":62}}],"line":114},"13":{"loc":{"start":{"line":120,"column":7},"end":{"line":127,"column":7}},"type":"binary-expr","locations":[{"start":{"line":120,"column":7},"end":{"line":120,"column":11}},{"start":{"line":120,"column":15},"end":{"line":120,"column":38}},{"start":{"line":121,"column":8},"end":{"line":126,"column":10}}],"line":120},"14":{"loc":{"start":{"line":133,"column":7},"end":{"line":140,"column":7}},"type":"binary-expr","locations":[{"start":{"line":133,"column":7},"end":{"line":133,"column":11}},{"start":{"line":133,"column":15},"end":{"line":133,"column":39}},{"start":{"line":134,"column":8},"end":{"line":139,"column":10}}],"line":133}},"s":{"0":1,"1":6,"2":6,"3":3,"4":0,"5":3,"6":2,"7":1,"8":1,"9":6,"10":6,"11":6,"12":6,"13":0,"14":0,"15":0,"16":6,"17":6,"18":6,"19":6,"20":0,"21":0,"22":0,"23":6,"24":0,"25":0,"26":0,"27":0,"28":6,"29":1},"f":{"0":6,"1":3,"2":6,"3":6,"4":0},"b":{"0":[6],"1":[6],"2":[4],"3":[6],"4":[6],"5":[0,3],"6":[2,1],"7":[1,0],"8":[0,6],"9":[6,0,0,0],"10":[6,0,0,0],"11":[0,0,0,0],"12":[6,2],"13":[6,0,0],"14":[6,0,0]},"_coverageSchema":"1a1c01bbd47fc00a2c39e90264f33305004495a9","hash":"3a7748a7242844422f90213c48bc6d47bd70c078"}
,"C:\\Users\\anyem\\OneDrive\\Escritorio\\idk\\inventario_app\\components\\CustomInput.jsx": {"path":"C:\\Users\\anyem\\OneDrive\\Escritorio\\idk\\inventario_app\\components\\CustomInput.jsx","statementMap":{"0":{"start":{"line":32,"column":20},"end":{"line":116,"column":1}},"1":{"start":{"line":49,"column":52},"end":{"line":49,"column":67}},"2":{"start":{"line":54,"column":31},"end":{"line":56,"column":3}},"3":{"start":{"line":55,"column":4},"end":{"line":55,"column":45}},"4":{"start":{"line":62,"column":19},"end":{"line":62,"column":56}},"5":{"start":{"line":64,"column":2},"end":{"line":115,"column":4}},"6":{"start":{"line":118,"column":15},"end":{"line":169,"column":2}}},"fnMap":{"0":{"name":"(anonymous_0)","decl":{"start":{"line":32,"column":20},"end":{"line":32,"column":21}},"loc":{"start":{"line":47,"column":6},"end":{"line":116,"column":1}},"line":47},"1":{"name":"(anonymous_1)","decl":{"start":{"line":54,"column":31},"end":{"line":54,"column":32}},"loc":{"start":{"line":54,"column":37},"end":{"line":56,"column":3}},"line":54}},"branchMap":{"0":{"loc":{"start":{"line":38,"column":2},"end":{"line":38,"column":26}},"type":"default-arg","locations":[{"start":{"line":38,"column":17},"end":{"line":38,"column":26}}],"line":38},"1":{"loc":{"start":{"line":39,"column":2},"end":{"line":39,"column":25}},"type":"default-arg","locations":[{"start":{"line":39,"column":19},"end":{"line":39,"column":25}}],"line":39},"2":{"loc":{"start":{"line":40,"column":2},"end":{"line":40,"column":21}},"type":"default-arg","locations":[{"start":{"line":40,"column":16},"end":{"line":40,"column":21}}],"line":40},"3":{"loc":{"start":{"line":41,"column":2},"end":{"line":41,"column":25}},"type":"default-arg","locations":[{"start":{"line":41,"column":20},"end":{"line":41,"column":25}}],"line":41},"4":{"loc":{"start":{"line":42,"column":2},"end":{"line":42,"column":17}},"type":"default-arg","locations":[{"start":{"line":42,"column":13},"end":{"line":42,"column":17}}],"line":42},"5":{"loc":{"start":{"line":44,"column":2},"end":{"line":44,"column":28}},"type":"default-arg","locations":[{"start":{"line":44,"column":23},"end":{"line":44,"column":28}}],"line":44},"6":{"loc":{"start":{"line":62,"column":19},"end":{"line":62,"column":56}},"type":"binary-expr","locations":[{"start":{"line":62,"column":19},"end":{"line":62,"column":34}},{"start":{"line":62,"column":38},"end":{"line":62,"column":56}}],"line":62},"7":{"loc":{"start":{"line":67,"column":7},"end":{"line":67,"column":57}},"type":"binary-expr","locations":[{"start":{"line":67,"column":7},"end":{"line":67,"column":12}},{"start":{"line":67,"column":16},"end":{"line":67,"column":57}}],"line":67},"8":{"loc":{"start":{"line":73,"column":10},"end":{"line":73,"column":45}},"type":"binary-expr","locations":[{"start":{"line":73,"column":10},"end":{"line":73,"column":15}},{"start":{"line":73,"column":19},"end":{"line":73,"column":45}}],"line":73},"9":{"loc":{"start":{"line":74,"column":10},"end":{"line":74,"column":52}},"type":"binary-expr","locations":[{"start":{"line":74,"column":10},"end":{"line":74,"column":19}},{"start":{"line":74,"column":23},"end":{"line":74,"column":52}}],"line":74},"10":{"loc":{"start":{"line":78,"column":9},"end":{"line":84,"column":9}},"type":"binary-expr","locations":[{"start":{"line":78,"column":9},"end":{"line":78,"column":13}},{"start":{"line":79,"column":10},"end":{"line":83,"column":12}}],"line":78},"11":{"loc":{"start":{"line":82,"column":19},"end":{"line":82,"column":56}},"type":"cond-expr","locations":[{"start":{"line":82,"column":27},"end":{"line":82,"column":39}},{"start":{"line":82,"column":42},"end":{"line":82,"column":56}}],"line":82},"12":{"loc":{"start":{"line":101,"column":9},"end":{"line":109,"column":9}},"type":"binary-expr","locations":[{"start":{"line":101,"column":9},"end":{"line":101,"column":27}},{"start":{"line":101,"column":31},"end":{"line":101,"column":46}},{"start":{"line":102,"column":10},"end":{"line":108,"column":29}}],"line":101},"13":{"loc":{"start":{"line":104,"column":20},"end":{"line":104,"column":73}},"type":"cond-expr","locations":[{"start":{"line":104,"column":40},"end":{"line":104,"column":57}},{"start":{"line":104,"column":60},"end":{"line":104,"column":73}}],"line":104},"14":{"loc":{"start":{"line":113,"column":7},"end":{"line":113,"column":61}},"type":"binary-expr","locations":[{"start":{"line":113,"column":7},"end":{"line":113,"column":12}},{"start":{"line":113,"column":16},"end":{"line":113,"column":61}}],"line":113}},"s":{"0":1,"1":8,"2":8,"3":1,"4":8,"5":8,"6":1},"f":{"0":8,"1":1},"b":{"0":[8],"1":[8],"2":[8],"3":[5],"4":[8],"5":[6],"6":[8,3],"7":[8,1],"8":[8,1],"9":[8,0],"10":[8,0],"11":[0,0],"12":[8,2,2],"13":[1,1],"14":[8,1]},"_coverageSchema":"1a1c01bbd47fc00a2c39e90264f33305004495a9","hash":"2f4e71cbba39204a56c32b77e6e3478aba487325"}
,"C:\\Users\\anyem\\OneDrive\\Escritorio\\idk\\inventario_app\\config\\theme.js": {"path":"C:\\Users\\anyem\\OneDrive\\Escritorio\\idk\\inventario_app\\config\\theme.js","statementMap":{"0":{"start":{"line":1,"column":22},"end":{"line":15,"column":1}}},"fnMap":{},"branchMap":{},"s":{"0":2},"f":{},"b":{},"_coverageSchema":"1a1c01bbd47fc00a2c39e90264f33305004495a9","hash":"2670027c04ba470f962e9c2a93ef45591b9603c9"}
,"C:\\Users\\anyem\\OneDrive\\Escritorio\\idk\\inventario_app\\config\\typography.js": {"path":"C:\\Users\\anyem\\OneDrive\\Escritorio\\idk\\inventario_app\\config\\typography.js","statementMap":{"0":{"start":{"line":1,"column":26},"end":{"line":28,"column":1}}},"fnMap":{},"branchMap":{},"s":{"0":2},"f":{},"b":{},"_coverageSchema":"1a1c01bbd47fc00a2c39e90264f33305004495a9","hash":"2ecd7d033d52e35c06cb8f4cf1b5e453c3366bd8"}
,"C:\\Users\\anyem\\OneDrive\\Escritorio\\idk\\inventario_app\\utils\\validation.js": {"path":"C:\\Users\\anyem\\OneDrive\\Escritorio\\idk\\inventario_app\\utils\\validation.js","statementMap":{"0":{"start":{"line":8,"column":29},"end":{"line":11,"column":1}},"1":{"start":{"line":9,"column":21},"end":{"line":9,"column":49}},"2":{"start":{"line":10,"column":2},"end":{"line":10,"column":32}},"3":{"start":{"line":19,"column":35},"end":{"line":50,"column":1}},"4":{"start":{"line":20,"column":14},"end":{"line":20,"column":15}},"5":{"start":{"line":21,"column":17},"end":{"line":21,"column":19}},"6":{"start":{"line":22,"column":23},"end":{"line":27,"column":3}},"7":{"start":{"line":30,"column":2},"end":{"line":36,"column":5}},"8":{"start":{"line":31,"column":4},"end":{"line":35,"column":5}},"9":{"start":{"line":32,"column":6},"end":{"line":32,"column":17}},"10":{"start":{"line":34,"column":6},"end":{"line":34,"column":55}},"11":{"start":{"line":38,"column":18},"end":{"line":38,"column":29}},"12":{"start":{"line":39,"column":18},"end":{"line":41,"column":59}},"13":{"start":{"line":43,"column":2},"end":{"line":49,"column":4}},"14":{"start":{"line":58,"column":33},"end":{"line":78,"column":1}},"15":{"start":{"line":59,"column":17},"end":{"line":59,"column":19}},"16":{"start":{"line":60,"column":16},"end":{"line":60,"column":20}},"17":{"start":{"line":63,"column":2},"end":{"line":69,"column":3}},"18":{"start":{"line":64,"column":4},"end":{"line":64,"column":49}},"19":{"start":{"line":65,"column":4},"end":{"line":65,"column":20}},"20":{"start":{"line":66,"column":9},"end":{"line":69,"column":3}},"21":{"start":{"line":67,"column":4},"end":{"line":67,"column":48}},"22":{"start":{"line":68,"column":4},"end":{"line":68,"column":20}},"23":{"start":{"line":72,"column":2},"end":{"line":75,"column":3}},"24":{"start":{"line":73,"column":4},"end":{"line":73,"column":55}},"25":{"start":{"line":74,"column":4},"end":{"line":74,"column":20}},"26":{"start":{"line":77,"column":2},"end":{"line":77,"column":29}},"27":{"start":{"line":86,"column":36},"end":{"line":132,"column":1}},"28":{"start":{"line":87,"column":17},"end":{"line":87,"column":19}},"29":{"start":{"line":88,"column":16},"end":{"line":88,"column":20}},"30":{"start":{"line":91,"column":2},"end":{"line":97,"column":3}},"31":{"start":{"line":92,"column":4},"end":{"line":92,"column":49}},"32":{"start":{"line":93,"column":4},"end":{"line":93,"column":20}},"33":{"start":{"line":94,"column":9},"end":{"line":97,"column":3}},"34":{"start":{"line":95,"column":4},"end":{"line":95,"column":48}},"35":{"start":{"line":96,"column":4},"end":{"line":96,"column":20}},"36":{"start":{"line":100,"column":27},"end":{"line":100,"column":74}},"37":{"start":{"line":101,"column":2},"end":{"line":107,"column":3}},"38":{"start":{"line":102,"column":4},"end":{"line":102,"column":55}},"39":{"start":{"line":103,"column":4},"end":{"line":103,"column":20}},"40":{"start":{"line":104,"column":9},"end":{"line":107,"column":3}},"41":{"start":{"line":105,"column":4},"end":{"line":105,"column":47}},"42":{"start":{"line":106,"column":4},"end":{"line":106,"column":20}},"43":{"start":{"line":110,"column":2},"end":{"line":118,"column":3}},"44":{"start":{"line":111,"column":4},"end":{"line":117,"column":5}},"45":{"start":{"line":112,"column":6},"end":{"line":112,"column":71}},"46":{"start":{"line":113,"column":6},"end":{"line":113,"column":22}},"47":{"start":{"line":114,"column":11},"end":{"line":117,"column":5}},"48":{"start":{"line":115,"column":6},"end":{"line":115,"column":66}},"49":{"start":{"line":116,"column":6},"end":{"line":116,"column":22}},"50":{"start":{"line":121,"column":2},"end":{"line":129,"column":3}},"51":{"start":{"line":122,"column":4},"end":{"line":128,"column":5}},"52":{"start":{"line":123,"column":6},"end":{"line":123,"column":57}},"53":{"start":{"line":124,"column":6},"end":{"line":124,"column":22}},"54":{"start":{"line":125,"column":11},"end":{"line":128,"column":5}},"55":{"start":{"line":126,"column":6},"end":{"line":126,"column":58}},"56":{"start":{"line":127,"column":6},"end":{"line":127,"column":22}},"57":{"start":{"line":131,"column":2},"end":{"line":131,"column":47}},"58":{"start":{"line":141,"column":31},"end":{"line":174,"column":1}},"59":{"start":{"line":147,"column":2},"end":{"line":155,"column":3}},"60":{"start":{"line":148,"column":4},"end":{"line":148,"column":35}},"61":{"start":{"line":149,"column":9},"end":{"line":155,"column":3}},"62":{"start":{"line":150,"column":4},"end":{"line":150,"column":39}},"63":{"start":{"line":151,"column":9},"end":{"line":155,"column":3}},"64":{"start":{"line":152,"column":4},"end":{"line":152,"column":35}},"65":{"start":{"line":153,"column":9},"end":{"line":155,"column":3}},"66":{"start":{"line":154,"column":4},"end":{"line":154,"column":35}},"67":{"start":{"line":158,"column":2},"end":{"line":165,"column":3}},"68":{"start":{"line":162,"column":4},"end":{"line":162,"column":36}},"69":{"start":{"line":163,"column":9},"end":{"line":165,"column":3}},"70":{"start":{"line":164,"column":4},"end":{"line":164,"column":41}},"71":{"start":{"line":168,"column":2},"end":{"line":170,"column":3}},"72":{"start":{"line":169,"column":4},"end":{"line":169,"column":39}},"73":{"start":{"line":173,"column":2},"end":{"line":173,"column":23}}},"fnMap":{"0":{"name":"(anonymous_0)","decl":{"start":{"line":8,"column":29},"end":{"line":8,"column":30}},"loc":{"start":{"line":8,"column":40},"end":{"line":11,"column":1}},"line":8},"1":{"name":"(anonymous_1)","decl":{"start":{"line":19,"column":35},"end":{"line":19,"column":36}},"loc":{"start":{"line":19,"column":52},"end":{"line":50,"column":1}},"line":19},"2":{"name":"(anonymous_2)","decl":{"start":{"line":30,"column":39},"end":{"line":30,"column":40}},"loc":{"start":{"line":30,"column":58},"end":{"line":36,"column":3}},"line":30},"3":{"name":"(anonymous_3)","decl":{"start":{"line":58,"column":33},"end":{"line":58,"column":34}},"loc":{"start":{"line":58,"column":50},"end":{"line":78,"column":1}},"line":58},"4":{"name":"(anonymous_4)","decl":{"start":{"line":86,"column":36},"end":{"line":86,"column":37}},"loc":{"start":{"line":86,"column":53},"end":{"line":132,"column":1}},"line":86},"5":{"name":"(anonymous_5)","decl":{"start":{"line":141,"column":31},"end":{"line":141,"column":32}},"loc":{"start":{"line":145,"column":5},"end":{"line":174,"column":1}},"line":145}},"branchMap":{"0":{"loc":{"start":{"line":31,"column":4},"end":{"line":35,"column":5}},"type":"if","locations":[{"start":{"line":31,"column":4},"end":{"line":35,"column":5}},{"start":{"line":33,"column":11},"end":{"line":35,"column":5}}],"line":31},"1":{"loc":{"start":{"line":39,"column":18},"end":{"line":41,"column":59}},"type":"cond-expr","locations":[{"start":{"line":40,"column":6},"end":{"line":40,"column":26}},{"start":{"line":41,"column":6},"end":{"line":41,"column":59}}],"line":39},"2":{"loc":{"start":{"line":63,"column":2},"end":{"line":69,"column":3}},"type":"if","locations":[{"start":{"line":63,"column":2},"end":{"line":69,"column":3}},{"start":{"line":66,"column":9},"end":{"line":69,"column":3}}],"line":63},"3":{"loc":{"start":{"line":66,"column":9},"end":{"line":69,"column":3}},"type":"if","locations":[{"start":{"line":66,"column":9},"end":{"line":69,"column":3}},{"start":{},"end":{}}],"line":66},"4":{"loc":{"start":{"line":72,"column":2},"end":{"line":75,"column":3}},"type":"if","locations":[{"start":{"line":72,"column":2},"end":{"line":75,"column":3}},{"start":{},"end":{}}],"line":72},"5":{"loc":{"start":{"line":91,"column":2},"end":{"line":97,"column":3}},"type":"if","locations":[{"start":{"line":91,"column":2},"end":{"line":97,"column":3}},{"start":{"line":94,"column":9},"end":{"line":97,"column":3}}],"line":91},"6":{"loc":{"start":{"line":94,"column":9},"end":{"line":97,"column":3}},"type":"if","locations":[{"start":{"line":94,"column":9},"end":{"line":97,"column":3}},{"start":{},"end":{}}],"line":94},"7":{"loc":{"start":{"line":100,"column":47},"end":{"line":100,"column":70}},"type":"binary-expr","locations":[{"start":{"line":100,"column":47},"end":{"line":100,"column":64}},{"start":{"line":100,"column":68},"end":{"line":100,"column":70}}],"line":100},"8":{"loc":{"start":{"line":101,"column":2},"end":{"line":107,"column":3}},"type":"if","locations":[{"start":{"line":101,"column":2},"end":{"line":107,"column":3}},{"start":{"line":104,"column":9},"end":{"line":107,"column":3}}],"line":101},"9":{"loc":{"start":{"line":104,"column":9},"end":{"line":107,"column":3}},"type":"if","locations":[{"start":{"line":104,"column":9},"end":{"line":107,"column":3}},{"start":{},"end":{}}],"line":104},"10":{"loc":{"start":{"line":110,"column":2},"end":{"line":118,"column":3}},"type":"if","locations":[{"start":{"line":110,"column":2},"end":{"line":118,"column":3}},{"start":{},"end":{}}],"line":110},"11":{"loc":{"start":{"line":111,"column":4},"end":{"line":117,"column":5}},"type":"if","locations":[{"start":{"line":111,"column":4},"end":{"line":117,"column":5}},{"start":{"line":114,"column":11},"end":{"line":117,"column":5}}],"line":111},"12":{"loc":{"start":{"line":114,"column":11},"end":{"line":117,"column":5}},"type":"if","locations":[{"start":{"line":114,"column":11},"end":{"line":117,"column":5}},{"start":{},"end":{}}],"line":114},"13":{"loc":{"start":{"line":121,"column":2},"end":{"line":129,"column":3}},"type":"if","locations":[{"start":{"line":121,"column":2},"end":{"line":129,"column":3}},{"start":{},"end":{}}],"line":121},"14":{"loc":{"start":{"line":122,"column":4},"end":{"line":128,"column":5}},"type":"if","locations":[{"start":{"line":122,"column":4},"end":{"line":128,"column":5}},{"start":{"line":125,"column":11},"end":{"line":128,"column":5}}],"line":122},"15":{"loc":{"start":{"line":125,"column":11},"end":{"line":128,"column":5}},"type":"if","locations":[{"start":{"line":125,"column":11},"end":{"line":128,"column":5}},{"start":{},"end":{}}],"line":125},"16":{"loc":{"start":{"line":144,"column":2},"end":{"line":144,"column":36}},"type":"default-arg","locations":[{"start":{"line":144,"column":15},"end":{"line":144,"column":36}}],"line":144},"17":{"loc":{"start":{"line":147,"column":2},"end":{"line":155,"column":3}},"type":"if","locations":[{"start":{"line":147,"column":2},"end":{"line":155,"column":3}},{"start":{"line":149,"column":9},"end":{"line":155,"column":3}}],"line":147},"18":{"loc":{"start":{"line":149,"column":9},"end":{"line":155,"column":3}},"type":"if","locations":[{"start":{"line":149,"column":9},"end":{"line":155,"column":3}},{"start":{"line":151,"column":9},"end":{"line":155,"column":3}}],"line":149},"19":{"loc":{"start":{"line":151,"column":9},"end":{"line":155,"column":3}},"type":"if","locations":[{"start":{"line":151,"column":9},"end":{"line":155,"column":3}},{"start":{"line":153,"column":9},"end":{"line":155,"column":3}}],"line":151},"20":{"loc":{"start":{"line":153,"column":9},"end":{"line":155,"column":3}},"type":"if","locations":[{"start":{"line":153,"column":9},"end":{"line":155,"column":3}},{"start":{},"end":{}}],"line":153},"21":{"loc":{"start":{"line":158,"column":2},"end":{"line":165,"column":3}},"type":"if","locations":[{"start":{"line":158,"column":2},"end":{"line":165,"column":3}},{"start":{"line":163,"column":9},"end":{"line":165,"column":3}}],"line":158},"22":{"loc":{"start":{"line":159,"column":4},"end":{"line":160,"column":34}},"type":"binary-expr","locations":[{"start":{"line":159,"column":4},"end":{"line":159,"column":44}},{"start":{"line":160,"column":4},"end":{"line":160,"column":34}}],"line":159},"23":{"loc":{"start":{"line":163,"column":9},"end":{"line":165,"column":3}},"type":"if","locations":[{"start":{"line":163,"column":9},"end":{"line":165,"column":3}},{"start":{},"end":{}}],"line":163},"24":{"loc":{"start":{"line":168,"column":2},"end":{"line":170,"column":3}},"type":"if","locations":[{"start":{"line":168,"column":2},"end":{"line":170,"column":3}},{"start":{},"end":{}}],"line":168}},"s":{"0":1,"1":16,"2":16,"3":1,"4":13,"5":13,"6":13,"7":13,"8":52,"9":36,"10":16,"11":13,"12":13,"13":13,"14":1,"15":5,"16":5,"17":5,"18":2,"19":2,"20":3,"21":1,"22":1,"23":5,"24":2,"25":2,"26":5,"27":1,"28":4,"29":4,"30":4,"31":0,"32":0,"33":4,"34":0,"35":0,"36":4,"37":4,"38":0,"39":0,"40":4,"41":1,"42":1,"43":4,"44":1,"45":0,"46":0,"47":1,"48":1,"49":1,"50":4,"51":0,"52":0,"53":0,"54":0,"55":0,"56":0,"57":4,"58":1,"59":9,"60":1,"61":8,"62":1,"63":7,"64":1,"65":6,"66":2,"67":4,"68":1,"69":3,"70":1,"71":2,"72":1,"73":1},"f":{"0":16,"1":13,"2":52,"3":5,"4":4,"5":9},"b":{"0":[36,16],"1":[6,7],"2":[2,3],"3":[1,2],"4":[2,3],"5":[0,4],"6":[0,4],"7":[4,0],"8":[0,4],"9":[1,3],"10":[1,3],"11":[0,1],"12":[1,0],"13":[0,4],"14":[0,0],"15":[0,0],"16":[8],"17":[1,8],"18":[1,7],"19":[1,6],"20":[2,4],"21":[1,3],"22":[4,3],"23":[1,2],"24":[1,1]},"_coverageSchema":"1a1c01bbd47fc00a2c39e90264f33305004495a9","hash":"7d5a2d886f47322757b0728b54d57f43142a4f02"}
}
