TN:
SF:components\CustomButton.jsx
FN:24,(anonymous_0)
FN:43,(anonymous_1)
FN:57,(anonymous_2)
FN:81,(anonymous_3)
FN:100,(anonymous_4)
FNF:5
FNH:4
FNDA:6,(anonymous_0)
FNDA:3,(anonymous_1)
FNDA:6,(anonymous_2)
FNDA:6,(anonymous_3)
FNDA:0,(anonymous_4)
DA:24,1
DA:37,6
DA:43,6
DA:44,3
DA:46,3
DA:47,2
DA:48,1
DA:49,1
DA:57,6
DA:58,6
DA:65,6
DA:67,6
DA:69,0
DA:71,0
DA:73,0
DA:81,6
DA:82,6
DA:84,6
DA:86,6
DA:88,0
DA:90,0
DA:92,0
DA:100,6
DA:101,0
DA:103,0
DA:106,0
DA:108,0
DA:112,6
DA:145,1
LF:29
LH:19
BRDA:28,0,0,6
BRDA:30,1,0,6
BRDA:31,2,0,4
BRDA:32,3,0,6
BRDA:33,4,0,6
BRDA:44,5,0,0
BRDA:44,5,1,3
BRDA:46,6,0,2
BRDA:46,6,1,1
BRDA:48,7,0,1
BRDA:48,7,1,0
BRDA:61,8,0,0
BRDA:61,8,1,6
BRDA:65,9,0,6
BRDA:65,9,1,0
BRDA:65,9,2,0
BRDA:65,9,3,0
BRDA:84,10,0,6
BRDA:84,10,1,0
BRDA:84,10,2,0
BRDA:84,10,3,0
BRDA:101,11,0,0
BRDA:101,11,1,0
BRDA:101,11,2,0
BRDA:101,11,3,0
BRDA:114,12,0,6
BRDA:114,12,1,2
BRDA:120,13,0,6
BRDA:120,13,1,0
BRDA:120,13,2,0
BRDA:133,14,0,6
BRDA:133,14,1,0
BRDA:133,14,2,0
BRF:33
BRH:16
end_of_record
TN:
SF:components\CustomInput.jsx
FN:32,(anonymous_0)
FN:54,(anonymous_1)
FNF:2
FNH:2
FNDA:8,(anonymous_0)
FNDA:1,(anonymous_1)
DA:32,1
DA:49,8
DA:54,8
DA:55,1
DA:62,8
DA:64,8
DA:118,1
LF:7
LH:7
BRDA:38,0,0,8
BRDA:39,1,0,8
BRDA:40,2,0,8
BRDA:41,3,0,5
BRDA:42,4,0,8
BRDA:44,5,0,6
BRDA:62,6,0,8
BRDA:62,6,1,3
BRDA:67,7,0,8
BRDA:67,7,1,1
BRDA:73,8,0,8
BRDA:73,8,1,1
BRDA:74,9,0,8
BRDA:74,9,1,0
BRDA:78,10,0,8
BRDA:78,10,1,0
BRDA:82,11,0,0
BRDA:82,11,1,0
BRDA:101,12,0,8
BRDA:101,12,1,2
BRDA:101,12,2,2
BRDA:104,13,0,1
BRDA:104,13,1,1
BRDA:113,14,0,8
BRDA:113,14,1,1
BRF:25
BRH:21
end_of_record
TN:
SF:config\theme.js
FNF:0
FNH:0
DA:1,2
LF:1
LH:1
BRF:0
BRH:0
end_of_record
TN:
SF:config\typography.js
FNF:0
FNH:0
DA:1,2
LF:1
LH:1
BRF:0
BRH:0
end_of_record
TN:
SF:utils\validation.js
FN:8,(anonymous_0)
FN:19,(anonymous_1)
FN:30,(anonymous_2)
FN:58,(anonymous_3)
FN:86,(anonymous_4)
FN:141,(anonymous_5)
FNF:6
FNH:6
FNDA:16,(anonymous_0)
FNDA:13,(anonymous_1)
FNDA:52,(anonymous_2)
FNDA:5,(anonymous_3)
FNDA:4,(anonymous_4)
FNDA:9,(anonymous_5)
DA:8,1
DA:9,16
DA:10,16
DA:19,1
DA:20,13
DA:21,13
DA:22,13
DA:30,13
DA:31,52
DA:32,36
DA:34,16
DA:38,13
DA:39,13
DA:43,13
DA:58,1
DA:59,5
DA:60,5
DA:63,5
DA:64,2
DA:65,2
DA:66,3
DA:67,1
DA:68,1
DA:72,5
DA:73,2
DA:74,2
DA:77,5
DA:86,1
DA:87,4
DA:88,4
DA:91,4
DA:92,0
DA:93,0
DA:94,4
DA:95,0
DA:96,0
DA:100,4
DA:101,4
DA:102,0
DA:103,0
DA:104,4
DA:105,1
DA:106,1
DA:110,4
DA:111,1
DA:112,0
DA:113,0
DA:114,1
DA:115,1
DA:116,1
DA:121,4
DA:122,0
DA:123,0
DA:124,0
DA:125,0
DA:126,0
DA:127,0
DA:131,4
DA:141,1
DA:147,9
DA:148,1
DA:149,8
DA:150,1
DA:151,7
DA:152,1
DA:153,6
DA:154,2
DA:158,4
DA:162,1
DA:163,3
DA:164,1
DA:168,2
DA:169,1
DA:173,1
LF:74
LH:60
BRDA:31,0,0,36
BRDA:31,0,1,16
BRDA:39,1,0,6
BRDA:39,1,1,7
BRDA:63,2,0,2
BRDA:63,2,1,3
BRDA:66,3,0,1
BRDA:66,3,1,2
BRDA:72,4,0,2
BRDA:72,4,1,3
BRDA:91,5,0,0
BRDA:91,5,1,4
BRDA:94,6,0,0
BRDA:94,6,1,4
BRDA:100,7,0,4
BRDA:100,7,1,0
BRDA:101,8,0,0
BRDA:101,8,1,4
BRDA:104,9,0,1
BRDA:104,9,1,3
BRDA:110,10,0,1
BRDA:110,10,1,3
BRDA:111,11,0,0
BRDA:111,11,1,1
BRDA:114,12,0,1
BRDA:114,12,1,0
BRDA:121,13,0,0
BRDA:121,13,1,4
BRDA:122,14,0,0
BRDA:122,14,1,0
BRDA:125,15,0,0
BRDA:125,15,1,0
BRDA:144,16,0,8
BRDA:147,17,0,1
BRDA:147,17,1,8
BRDA:149,18,0,1
BRDA:149,18,1,7
BRDA:151,19,0,1
BRDA:151,19,1,6
BRDA:153,20,0,2
BRDA:153,20,1,4
BRDA:158,21,0,1
BRDA:158,21,1,3
BRDA:159,22,0,4
BRDA:159,22,1,3
BRDA:163,23,0,1
BRDA:163,23,1,2
BRDA:168,24,0,1
BRDA:168,24,1,1
BRF:49
BRH:38
end_of_record
